#
# A fatal error has been detected by the Java Runtime Environment:
#
#  EXCEPTION_ACCESS_VIOLATION (0xc0000005) at pc=0x73c99781, pid=5612, tid=2232
#
# JRE version: Java(TM) SE Runtime Environment (8.0_05-b13) (build 1.8.0_05-b13)
# Java VM: Java HotSpot(TM) Client VM (25.5-b02 mixed mode, sharing windows-x86 )
# Problematic frame:
# C  0x73c99781
#
# Failed to write core dump. Minidumps are not enabled by default on client versions of Windows
#
# If you would like to submit a bug report, please visit:
#   http://bugreport.sun.com/bugreport/crash.jsp
# The crash happened outside the Java Virtual Machine in native code.
# See problematic frame for where to report the bug.
#

---------------  T H R E A D  ---------------

Current thread (0x15a37000):  JavaThread "Thread-2" [_thread_in_native, id=2232, stack(0x186b0000,0x18700000)]

siginfo: ExceptionCode=0xc0000005, ExceptionInformation=0x00000008 0x73c99781

Registers:
EAX=0x00000000, EBX=0x161907e0, ECX=0x00000000, EDX=0x00000000
ESP=0x186ff250, EBP=0x186ff258, ESI=0x00000000, EDI=0x161907e4
EIP=0x73c99781, EFLAGS=0x00010206

Top of Stack: (sp=0x186ff250)
0x186ff250:   16190820 00000000 186ff270 73cb09d1
0x186ff260:   16190820 159aafd0 00000000 00000001
0x186ff270:   00010001 6eae8bc0 161907e0 00000000
0x186ff280:   159aafd0 15a37130 15a37000 186ff2e8
0x186ff290:   6eae90e0 00010001 159f8510 6eaec817
0x186ff2a0:   00000000 148837d0 1545a5d0 0224ac63
0x186ff2b0:   15a37130 186ff304 00000000 00000140
0x186ff2c0:   000000f0 047f4f68 186ff2c8 00000000 

Instructions: (pc=0x73c99781)
0x73c99761:   
[error occurred during error reporting (printing registers, top of stack, instructions near pc), id 0xc0000005]

Register to memory mapping:

EAX=0x00000000 is an unknown value
EBX=0x161907e0 is an unknown value
ECX=0x00000000 is an unknown value
EDX=0x00000000 is an unknown value
ESP=0x186ff250 is pointing into the stack for thread: 0x15a37000
EBP=0x186ff258 is pointing into the stack for thread: 0x15a37000
ESI=0x00000000 is an unknown value
EDI=0x161907e4 is an unknown value


Stack: [0x186b0000,0x18700000],  sp=0x186ff250,  free space=316k
Native frames: (J=compiled Java code, j=interpreted, Vv=VM code, C=native code)
C  0x73c99781
C  0x73cb09d1

Java frames: (J=compiled Java code, j=interpreted, Vv=VM code)
j  sun.java2d.d3d.D3DSurfaceData.initOps(III)V+0
j  sun.java2d.d3d.D3DSurfaceData.<init>(Lsun/awt/windows/WComponentPeer;Lsun/java2d/d3d/D3DGraphicsConfig;IILjava/awt/Image;Ljava/awt/image/ColorModel;IILsun/java2d/pipe/hw/ExtendedBufferCapabilities$VSyncType;I)V+76
j  sun.java2d.d3d.D3DSurfaceData.createData(Lsun/java2d/d3d/D3DGraphicsConfig;IILjava/awt/image/ColorModel;Ljava/awt/Image;I)Lsun/java2d/d3d/D3DSurfaceData;+70
j  sun.java2d.d3d.D3DGraphicsConfig.createManagedSurface(III)Lsun/java2d/SurfaceData;+10
j  sun.java2d.d3d.D3DSurfaceDataProxy.validateSurfaceData(Lsun/java2d/SurfaceData;Lsun/java2d/SurfaceData;II)Lsun/java2d/SurfaceData;+22
J 470 C1 sun.java2d.SurfaceDataProxy.replaceData(Lsun/java2d/SurfaceData;ILsun/java2d/loops/CompositeType;Ljava/awt/Color;)Lsun/java2d/SurfaceData; (329 bytes) @ 0x02379288 [0x02378f60+0x328]
J 261 C1 sun.java2d.SurfaceData.getSourceSurfaceData(Ljava/awt/Image;ILsun/java2d/loops/CompositeType;Ljava/awt/Color;)Lsun/java2d/SurfaceData; (110 bytes) @ 0x0233f934 [0x0233f7e0+0x154]
J 469 C1 sun.java2d.pipe.DrawImage.renderImageScale(Lsun/java2d/SunGraphics2D;Ljava/awt/Image;Ljava/awt/Color;IIIIIDDDD)Z (158 bytes) @ 0x02378540 [0x02378490+0xb0]
J 414 C1 sun.java2d.pipe.DrawImage.scaleImage(Lsun/java2d/SunGraphics2D;Ljava/awt/Image;IIIILjava/awt/Color;)Z (186 bytes) @ 0x02362cf8 [0x02362ba0+0x158]
J 413 C1 sun.java2d.pipe.DrawImage.scaleImage(Lsun/java2d/SunGraphics2D;Ljava/awt/Image;IIIILjava/awt/Color;Ljava/awt/image/ImageObserver;)Z (68 bytes) @ 0x02362700 [0x02362550+0x1b0]
J 468 C1 sun.java2d.pipe.ValidatePipe.scaleImage(Lsun/java2d/SunGraphics2D;Ljava/awt/Image;IIIILjava/awt/Color;Ljava/awt/image/ImageObserver;)Z (33 bytes) @ 0x02378078 [0x02377ff0+0x88]
J 412 C1 sun.java2d.SunGraphics2D.drawImage(Ljava/awt/Image;IIIILjava/awt/Color;Ljava/awt/image/ImageObserver;)Z (196 bytes) @ 0x02361b60 [0x02361a10+0x150]
J 411 C1 sun.java2d.SunGraphics2D.drawImage(Ljava/awt/Image;IIIILjava/awt/image/ImageObserver;)Z (15 bytes) @ 0x02361798 [0x02361740+0x58]
J 466 C1 Main.GamePanel.drawToScreen()V (28 bytes) @ 0x02377924 [0x02377850+0xd4]
j  Main.GamePanel.run()V+20
j  java.lang.Thread.run()V+11
v  ~StubRoutines::call_stub

---------------  P R O C E S S  ---------------

Java Threads: ( => current thread )
  0x01e6a000 JavaThread "Thread-0" daemon [_thread_in_native, id=5308, stack(0x17a10000,0x17a60000)]
  0x0021bc00 JavaThread "DestroyJavaVM" [_thread_blocked, id=5496, stack(0x00250000,0x002a0000)]
=>0x15a37000 JavaThread "Thread-2" [_thread_in_native, id=2232, stack(0x186b0000,0x18700000)]
  0x159f9c00 JavaThread "AWT-EventQueue-0" [_thread_blocked, id=2648, stack(0x16520000,0x16570000)]
  0x159afc00 JavaThread "AWT-Shutdown" [_thread_blocked, id=3600, stack(0x15f10000,0x15f60000)]
  0x159ad000 JavaThread "Java2D Disposer" daemon [_thread_blocked, id=4736, stack(0x15810000,0x15860000)]
  0x01e17c00 JavaThread "Service Thread" daemon [_thread_blocked, id=1788, stack(0x15870000,0x158c0000)]
  0x01e11c00 JavaThread "C1 CompilerThread0" daemon [_thread_blocked, id=5732, stack(0x15690000,0x156e0000)]
  0x01e10400 JavaThread "Attach Listener" daemon [_thread_blocked, id=5668, stack(0x15750000,0x157a0000)]
  0x01e0d400 JavaThread "Signal Dispatcher" daemon [_thread_blocked, id=5280, stack(0x15550000,0x155a0000)]
  0x01da5c00 JavaThread "Finalizer" daemon [_thread_blocked, id=5484, stack(0x155c0000,0x15610000)]
  0x01da4800 JavaThread "Reference Handler" daemon [_thread_blocked, id=5268, stack(0x14eb0000,0x14f00000)]

Other Threads:
  0x01da2400 VMThread [stack: 0x14f20000,0x14f70000] [id=5752]
  0x01e3bc00 WatcherThread [stack: 0x15910000,0x15960000] [id=700]

VM state:not at safepoint (normal execution)

VM Mutex/Monitor currently owned by a thread: None

Heap:
 def new generation   total 4928K, used 4156K [0x04400000, 0x04950000, 0x09950000)
  eden space 4416K,  92% used [0x04400000, 0x04801360, 0x04850000)
  from space 512K,  10% used [0x048d0000, 0x048de000, 0x04950000)
  to   space 512K,   0% used [0x04850000, 0x04850000, 0x048d0000)
 tenured generation   total 10944K, used 2525K [0x09950000, 0x0a400000, 0x14400000)
   the space 10944K,  23% used [0x09950000, 0x09bc7690, 0x09bc7800, 0x0a400000)
 Metaspace       used 1135K, capacity 2425K, committed 2496K, reserved 4480K

Card table byte_map: [0x04240000,0x042d0000] byte_map_base: 0x0421e000

Polling page: 0x001a0000

CodeCache: size=32768Kb used=1317Kb max_used=1317Kb free=31450Kb
 bounds [0x02240000, 0x02390000, 0x04240000]
 total_blobs=762 nmethods=530 adapters=164
 compilation: enabled

Compilation events (10 events):
Event: 39.232 Thread 0x01e11c00  528             java.awt.Component::getTreeLock (4 bytes)
Event: 39.232 Thread 0x01e11c00 nmethod 528 0x02388648 code [0x02388740, 0x023887c0]
Event: 39.406 Thread 0x01e11c00  529             java.awt.image.BufferedImage::getRaster (5 bytes)
Event: 39.406 Thread 0x01e11c00 nmethod 529 0x02388808 code [0x02388900, 0x02388980]
Event: 39.583 Thread 0x01e11c00  530             java.lang.ref.PhantomReference::<init> (7 bytes)
Event: 39.584 Thread 0x01e11c00 nmethod 530 0x023889c8 code [0x02388ac0, 0x02388b70]
Event: 39.727 Thread 0x01e11c00  531  s          sun.java2d.Disposer::add (61 bytes)
Event: 39.728 Thread 0x01e11c00 nmethod 531 0x02388bc8 code [0x02388cf0, 0x0238908c]
Event: 39.729 Thread 0x01e11c00  532   !         sun.java2d.d3d.D3DScreenUpdateManager::wakeUpUpdateThread (25 bytes)
Event: 39.729 Thread 0x01e11c00 nmethod 532 0x02389208 code [0x02389310, 0x0238952c]

GC Heap History (6 events):
Event: 0.393 GC heap before
{Heap before GC invocations=0 (full 0):
 def new generation   total 4928K, used 4304K [0x04400000, 0x04950000, 0x09950000)
  eden space 4416K,  97% used [0x04400000, 0x048343c0, 0x04850000)
  from space 512K,   0% used [0x04850000, 0x04850000, 0x048d0000)
  to   space 512K,   0% used [0x048d0000, 0x048d0000, 0x04950000)
 tenured generation   total 10944K, used 0K [0x09950000, 0x0a400000, 0x14400000)
   the space 10944K,   0% used [0x09950000, 0x09950000, 0x09950200, 0x0a400000)
 Metaspace       used 1111K, capacity 2422K, committed 2496K, reserved 4480K
Event: 0.399 GC heap after
Heap after GC invocations=1 (full 0):
 def new generation   total 4928K, used 512K [0x04400000, 0x04950000, 0x09950000)
  eden space 4416K,   0% used [0x04400000, 0x04400000, 0x04850000)
  from space 512K, 100% used [0x048d0000, 0x04950000, 0x04950000)
  to   space 512K,   0% used [0x04850000, 0x04850000, 0x048d0000)
 tenured generation   total 10944K, used 1295K [0x09950000, 0x0a400000, 0x14400000)
   the space 10944K,  11% used [0x09950000, 0x09a93ea8, 0x09a94000, 0x0a400000)
 Metaspace       used 1111K, capacity 2422K, committed 2496K, reserved 4480K
}
Event: 12.998 GC heap before
{Heap before GC invocations=1 (full 0):
 def new generation   total 4928K, used 4928K [0x04400000, 0x04950000, 0x09950000)
  eden space 4416K, 100% used [0x04400000, 0x04850000, 0x04850000)
  from space 512K, 100% used [0x048d0000, 0x04950000, 0x04950000)
  to   space 512K,   0% used [0x04850000, 0x04850000, 0x048d0000)
 tenured generation   total 10944K, used 1295K [0x09950000, 0x0a400000, 0x14400000)
   the space 10944K,  11% used [0x09950000, 0x09a93ea8, 0x09a94000, 0x0a400000)
 Metaspace       used 1128K, capacity 2425K, committed 2496K, reserved 4480K
Event: 13.003 GC heap after
Heap after GC invocations=2 (full 0):
 def new generation   total 4928K, used 443K [0x04400000, 0x04950000, 0x09950000)
  eden space 4416K,   0% used [0x04400000, 0x04400000, 0x04850000)
  from space 512K,  86% used [0x04850000, 0x048bee78, 0x048d0000)
  to   space 512K,   0% used [0x048d0000, 0x048d0000, 0x04950000)
 tenured generation   total 10944K, used 2107K [0x09950000, 0x0a400000, 0x14400000)
   the space 10944K,  19% used [0x09950000, 0x09b5edf8, 0x09b5ee00, 0x0a400000)
 Metaspace       used 1128K, capacity 2425K, committed 2496K, reserved 4480K
}
Event: 29.287 GC heap before
{Heap before GC invocations=2 (full 0):
 def new generation   total 4928K, used 4859K [0x04400000, 0x04950000, 0x09950000)
  eden space 4416K, 100% used [0x04400000, 0x04850000, 0x04850000)
  from space 512K,  86% used [0x04850000, 0x048bee78, 0x048d0000)
  to   space 512K,   0% used [0x048d0000, 0x048d0000, 0x04950000)
 tenured generation   total 10944K, used 2107K [0x09950000, 0x0a400000, 0x14400000)
   the space 10944K,  19% used [0x09950000, 0x09b5edf8, 0x09b5ee00, 0x0a400000)
 Metaspace       used 1128K, capacity 2425K, committed 2496K, reserved 4480K
Event: 29.290 GC heap after
Heap after GC invocations=3 (full 0):
 def new generation   total 4928K, used 56K [0x04400000, 0x04950000, 0x09950000)
  eden space 4416K,   0% used [0x04400000, 0x04400000, 0x04850000)
  from space 512K,  10% used [0x048d0000, 0x048de000, 0x04950000)
  to   space 512K,   0% used [0x04850000, 0x04850000, 0x048d0000)
 tenured generation   total 10944K, used 2525K [0x09950000, 0x0a400000, 0x14400000)
   the space 10944K,  23% used [0x09950000, 0x09bc7690, 0x09bc7800, 0x0a400000)
 Metaspace       used 1128K, capacity 2425K, committed 2496K, reserved 4480K
}

Deoptimization events (0 events):
No events

Internal exceptions (10 events):
Event: 0.223 Thread 0x15a37000 Exception <a 'java/security/PrivilegedActionException'> (0x0466cd00) thrown at [D:\re\workspace\8-2-build-windows-i586-cygwin\jdk8u5\2488\hotspot\src\share\vm\prims\jvm.cpp, line 1248]
Event: 0.224 Thread 0x15a37000 Exception <a 'java/security/PrivilegedActionException'> (0x0466e928) thrown at [D:\re\workspace\8-2-build-windows-i586-cygwin\jdk8u5\2488\hotspot\src\share\vm\prims\jvm.cpp, line 1248]
Event: 0.224 Thread 0x15a37000 Exception <a 'java/security/PrivilegedActionException'> (0x046705d8) thrown at [D:\re\workspace\8-2-build-windows-i586-cygwin\jdk8u5\2488\hotspot\src\share\vm\prims\jvm.cpp, line 1248]
Event: 0.224 Thread 0x15a37000 Exception <a 'java/security/PrivilegedActionException'> (0x04671da8) thrown at [D:\re\workspace\8-2-build-windows-i586-cygwin\jdk8u5\2488\hotspot\src\share\vm\prims\jvm.cpp, line 1248]
Event: 0.365 Thread 0x15a37000 Exception <a 'java/security/PrivilegedActionException'> (0x04792f48) thrown at [D:\re\workspace\8-2-build-windows-i586-cygwin\jdk8u5\2488\hotspot\src\share\vm\prims\jvm.cpp, line 1248]
Event: 0.366 Thread 0x15a37000 Exception <a 'java/security/PrivilegedActionException'> (0x047a3168) thrown at [D:\re\workspace\8-2-build-windows-i586-cygwin\jdk8u5\2488\hotspot\src\share\vm\prims\jvm.cpp, line 1248]
Event: 0.372 Thread 0x15a37000 Exception <a 'java/security/PrivilegedActionException'> (0x047bcd08) thrown at [D:\re\workspace\8-2-build-windows-i586-cygwin\jdk8u5\2488\hotspot\src\share\vm\prims\jvm.cpp, line 1248]
Event: 0.385 Thread 0x15a37000 Exception <a 'java/security/PrivilegedActionException'> (0x047e5a00) thrown at [D:\re\workspace\8-2-build-windows-i586-cygwin\jdk8u5\2488\hotspot\src\share\vm\prims\jvm.cpp, line 1248]
Event: 0.385 Thread 0x15a37000 Exception <a 'java/security/PrivilegedActionException'> (0x047e7938) thrown at [D:\re\workspace\8-2-build-windows-i586-cygwin\jdk8u5\2488\hotspot\src\share\vm\prims\jvm.cpp, line 1248]
Event: 0.392 Thread 0x15a37000 Exception <a 'java/security/PrivilegedActionException'> (0x0481f160) thrown at [D:\re\workspace\8-2-build-windows-i586-cygwin\jdk8u5\2488\hotspot\src\share\vm\prims\jvm.cpp, line 1248]

Events (10 events):
Event: 39.729 loading class sun/java2d/pipe/hw/AccelDeviceEventNotifier
Event: 39.729 loading class sun/java2d/pipe/hw/AccelDeviceEventNotifier done
Event: 39.729 Thread 0x15a45400 Thread exited: 0x15a45400
Event: 39.730 Thread 0x01e2c800 Thread exited: 0x01e2c800
Event: 39.730 loading class java/util/WeakHashMap$KeyIterator
Event: 39.730 loading class java/util/WeakHashMap$HashIterator
Event: 39.730 loading class java/util/WeakHashMap$HashIterator done
Event: 39.730 loading class java/util/WeakHashMap$KeyIterator done
Event: 39.730 Thread 0x01e6a400 Thread exited: 0x01e6a400
Event: 39.749 Thread 0x159b1000 Thread exited: 0x159b1000


Dynamic libraries:
0x002f0000 - 0x00320000 	C:\Program Files (x86)\Java\jre8\bin\javaw.exe
0x76fd0000 - 0x77150000 	C:\Windows\SysWOW64\ntdll.dll
0x764f0000 - 0x76600000 	C:\Windows\syswow64\kernel32.dll
0x76730000 - 0x76777000 	C:\Windows\syswow64\KERNELBASE.dll
0x76820000 - 0x768c0000 	C:\Windows\syswow64\ADVAPI32.dll
0x769b0000 - 0x76a5c000 	C:\Windows\syswow64\msvcrt.dll
0x76700000 - 0x76719000 	C:\Windows\SysWOW64\sechost.dll
0x768c0000 - 0x769b0000 	C:\Windows\syswow64\RPCRT4.dll
0x74a00000 - 0x74a60000 	C:\Windows\syswow64\SspiCli.dll
0x749f0000 - 0x749fc000 	C:\Windows\syswow64\CRYPTBASE.dll
0x76050000 - 0x76150000 	C:\Windows\syswow64\USER32.dll
0x75b60000 - 0x75bf0000 	C:\Windows\syswow64\GDI32.dll
0x76200000 - 0x7620a000 	C:\Windows\syswow64\LPK.dll
0x76780000 - 0x7681d000 	C:\Windows\syswow64\USP10.dll
0x72210000 - 0x723ae000 	C:\Windows\WinSxS\x86_microsoft.windows.common-controls_6595b64144ccf1df_6.0.7601.17514_none_41e6975e2bd6f2b2\COMCTL32.dll
0x76600000 - 0x76657000 	C:\Windows\syswow64\SHLWAPI.dll
0x761a0000 - 0x76200000 	C:\Windows\system32\IMM32.DLL
0x74a70000 - 0x74b3c000 	C:\Windows\syswow64\MSCTF.dll
0x6ec20000 - 0x6ecdf000 	C:\Program Files (x86)\Java\jre8\bin\msvcr100.dll
0x61eb0000 - 0x62246000 	C:\Program Files (x86)\Java\jre8\bin\client\jvm.dll
0x71fb0000 - 0x71fb7000 	C:\Windows\system32\WSOCK32.dll
0x76150000 - 0x76185000 	C:\Windows\syswow64\WS2_32.dll
0x75ac0000 - 0x75ac6000 	C:\Windows\syswow64\NSI.dll
0x71a60000 - 0x71a92000 	C:\Windows\system32\WINMM.dll
0x75a80000 - 0x75a85000 	C:\Windows\syswow64\PSAPI.DLL
0x721a0000 - 0x721ac000 	C:\Program Files (x86)\Java\jre8\bin\verify.dll
0x6f060000 - 0x6f081000 	C:\Program Files (x86)\Java\jre8\bin\java.dll
0x71c80000 - 0x71c93000 	C:\Program Files (x86)\Java\jre8\bin\zip.dll
0x74e20000 - 0x75a6a000 	C:\Windows\syswow64\SHELL32.dll
0x75d90000 - 0x75eec000 	C:\Windows\syswow64\ole32.dll
0x72590000 - 0x7259b000 	C:\Windows\system32\profapi.dll
0x6ead0000 - 0x6ec15000 	C:\Program Files (x86)\Java\jre8\bin\awt.dll
0x76b40000 - 0x76bcf000 	C:\Windows\syswow64\OLEAUT32.dll
0x71db0000 - 0x71dc3000 	C:\Windows\system32\DWMAPI.DLL
0x71ed0000 - 0x71f50000 	C:\Windows\system32\uxtheme.dll
0x748d0000 - 0x748d9000 	C:\Windows\system32\VERSION.dll
0x162a0000 - 0x163a1000 	C:\Windows\system32\nvspcap.dll
0x76210000 - 0x76330000 	C:\Windows\syswow64\CRYPT32.dll
0x74a60000 - 0x74a6c000 	C:\Windows\syswow64\MSASN1.dll
0x739a0000 - 0x73c5b000 	C:\Windows\system32\nvapi.dll
0x75bf0000 - 0x75d8d000 	C:\Windows\syswow64\SETUPAPI.dll
0x75a90000 - 0x75ab7000 	C:\Windows\syswow64\CFGMGR32.dll
0x76b20000 - 0x76b32000 	C:\Windows\syswow64\DEVOBJ.dll
0x73770000 - 0x738a7000 	C:\Program Files (x86)\NVIDIA Corporation\3D Vision\nvSCPAPI.dll
0x6ed60000 - 0x6ed99000 	C:\Program Files (x86)\Java\jre8\bin\fontmanager.dll
0x75ad0000 - 0x75b53000 	C:\Windows\syswow64\CLBCatQ.DLL
0x718a0000 - 0x718b6000 	C:\Windows\system32\CRYPTSP.dll
0x71820000 - 0x7185b000 	C:\Windows\system32\rsaenh.dll
0x72480000 - 0x72497000 	C:\Windows\system32\USERENV.dll
0x720e0000 - 0x720f4000 	C:\Program Files (x86)\Java\jre8\bin\net.dll
0x72550000 - 0x7258c000 	C:\Windows\system32\mswsock.dll
0x747f0000 - 0x747f6000 	C:\Windows\System32\wship6.dll
0x72530000 - 0x7254c000 	C:\Windows\system32\IPHLPAPI.DLL
0x72520000 - 0x72527000 	C:\Windows\system32\WINNSI.DLL
0x74440000 - 0x7444d000 	C:\Windows\system32\dhcpcsvc6.DLL
0x74420000 - 0x74432000 	C:\Windows\system32\dhcpcsvc.DLL
0x721f0000 - 0x721ff000 	C:\Program Files (x86)\Java\jre8\bin\nio.dll
0x6ed30000 - 0x6ed60000 	C:\Program Files (x86)\Java\jre8\bin\t2k.dll
0x71dd0000 - 0x71ebb000 	C:\Windows\system32\dbghelp.dll

VM Arguments:
jvm_args: -Dfile.encoding=Cp1250 
java_command: Main.Game
java_class_path (initial): C:\Users\Andrzej\workspace\Gra\bin
Launcher Type: SUN_STANDARD

Environment Variables:
PATH=C:/Program Files (x86)/Java/jre8/bin/client;C:/Program Files (x86)/Java/jre8/bin;C:/Program Files (x86)/Java/jre8/lib/i386;C:\Program Files\Common Files\Microsoft Shared\Windows Live;C:\Program Files (x86)\NVIDIA Corporation\PhysX\Common;C:\Program Files (x86)\PC Connectivity Solution\;C:\Windows\system32;C:\Windows;C:\Windows\System32\Wbem;C:\Windows\System32\WindowsPowerShell\v1.0\;C:\Program Files (x86)\Java\jdk1.8.0_05\bin;C:\Program Files\Common Files\Microsoft Shared\Windows Live;D:\Program Files (x86)\Programy\eclipse;
USERNAME=Andrzej
OS=Windows_NT
PROCESSOR_IDENTIFIER=Intel64 Family 6 Model 23 Stepping 10, GenuineIntel



---------------  S Y S T E M  ---------------

OS: Windows 7 , 64 bit Build 7601 Service Pack 1

CPU:total 2 (2 cores per cpu, 1 threads per core) family 6 model 23 stepping 10, cmov, cx8, fxsr, mmx, sse, sse2, sse3, ssse3, tsc

Memory: 4k page, physical 3143864k(1485660k free), swap 6285864k(3781524k free)

vm_info: Java HotSpot(TM) Client VM (25.5-b02) for windows-x86 JRE (1.8.0_05-b13), built on Mar 18 2014 01:14:47 by "java_re" with MS VC++ 10.0 (VS2010)

time: Thu May 15 00:25:00 2014
elapsed time: 39 seconds

